

*******************************************************************************
Fri Oct 26 18:56:01 2012


FIT:    data read from 'dat'
        #datapoints = 200
        residuals are weighted equally (unit weight)

function used for fitting: f(x)
fitted parameters initialized with current variable values



Iteration 0
WSSR        : 11600.4           delta(WSSR)/WSSR   : 0
delta(WSSR) : 0                 limit for stopping : 1e-05
lambda	  : 1.54159

initial set of free parameter values

a               = 1
b               = 1

After 11 iterations the fit converged.
final sum of squares of residuals : 10815.3
rel. change during last iteration : -7.1782e-07

degrees of freedom (ndf) : 198
rms of residuals      (stdfit) = sqrt(WSSR/ndf)      : 7.39071
variance of residuals (reduced chisquare) = WSSR/ndf : 54.6227

Final set of parameters            Asymptotic Standard Error
=======================            ==========================

a               = 2.39637          +/- 1.041        (43.45%)
b               = 117463           +/- 1.043e+10    (8.883e+06%)


correlation matrix of the fit parameters:

               a      b      
a               1.000 
b               0.865  1.000 


*******************************************************************************
Fri Oct 26 18:56:35 2012


FIT:    data read from 'dat'
        #datapoints = 200
        residuals are weighted equally (unit weight)

function used for fitting: f(x)
fitted parameters initialized with current variable values



Iteration 0
WSSR        : 10815.3           delta(WSSR)/WSSR   : 0
delta(WSSR) : 0                 limit for stopping : 1e-05
lambda	  : 0.707104

initial set of free parameter values

a               = 2.39637
b               = 117463

After 1 iterations the fit converged.
final sum of squares of residuals : 10815.3
rel. change during last iteration : -2.92385e-11

degrees of freedom (ndf) : 198
rms of residuals      (stdfit) = sqrt(WSSR/ndf)      : 7.39071
variance of residuals (reduced chisquare) = WSSR/ndf : 54.6226

Final set of parameters            Asymptotic Standard Error
=======================            ==========================

a               = 2.39641          +/- 1.041        (43.45%)
b               = 117463           +/- 1.043e+10    (8.883e+06%)


correlation matrix of the fit parameters:

               a      b      
a               1.000 
b              -0.865  1.000 


*******************************************************************************
Fri Oct 26 18:57:33 2012


FIT:    data read from 'dat'
        #datapoints = 200
        residuals are weighted equally (unit weight)

function used for fitting: f(x)
fitted parameters initialized with current variable values



Iteration 0
WSSR        : 10815.3           delta(WSSR)/WSSR   : 0
delta(WSSR) : 0                 limit for stopping : 1e-05
lambda	  : 0.707105

initial set of free parameter values

a               = 2.39641
b               = 117463

After 1 iterations the fit converged.
final sum of squares of residuals : 10815.3
rel. change during last iteration : -6.48025e-13

degrees of freedom (ndf) : 198
rms of residuals      (stdfit) = sqrt(WSSR/ndf)      : 7.39071
variance of residuals (reduced chisquare) = WSSR/ndf : 54.6226

Final set of parameters            Asymptotic Standard Error
=======================            ==========================

a               = 2.3964           +/- 0.7827       (32.66%)
b               = 117463           +/- 1.015e+10    (8.641e+06%)


correlation matrix of the fit parameters:

               a      b      
a               1.000 
b              -0.744  1.000 


*******************************************************************************
Fri Oct 26 18:58:51 2012


FIT:    data read from 'dat'
        #datapoints = 20
        residuals are weighted equally (unit weight)

function used for fitting: f(x)
fitted parameters initialized with current variable values



Iteration 0
WSSR        : 11819.1           delta(WSSR)/WSSR   : 0
delta(WSSR) : 0                 limit for stopping : 1e-05
lambda	  : 0.00321301

initial set of free parameter values

a               = 1
b               = 1

After 20 iterations the fit converged.
final sum of squares of residuals : 11218.7
rel. change during last iteration : -4.41785e-07

degrees of freedom (ndf) : 18
rms of residuals      (stdfit) = sqrt(WSSR/ndf)      : 24.9652
variance of residuals (reduced chisquare) = WSSR/ndf : 623.262

BREAK:          Singular matrix in Invert_RtR



*******************************************************************************
Fri Oct 26 18:59:02 2012


FIT:    data read from 'dat'
        #datapoints = 20
        residuals are weighted equally (unit weight)

function used for fitting: f(x)
fitted parameters initialized with current variable values



Iteration 0
WSSR        : 11848.4           delta(WSSR)/WSSR   : 0
delta(WSSR) : 0                 limit for stopping : 1e-05
lambda	  : 0.262219

initial set of free parameter values

a               = 1
b               = 0.018748

After 2 iterations the fit converged.
final sum of squares of residuals : 11820.9
rel. change during last iteration : -2.14262e-08

degrees of freedom (ndf) : 18
rms of residuals      (stdfit) = sqrt(WSSR/ndf)      : 25.6264
variance of residuals (reduced chisquare) = WSSR/ndf : 656.714

BREAK:          Singular matrix in Invert_RtR



*******************************************************************************
Fri Oct 26 18:59:38 2012


FIT:    data read from 'dat'
        #datapoints = 20
        residuals are weighted equally (unit weight)

function used for fitting: f(x)
fitted parameters initialized with current variable values



Iteration 0
WSSR        : 11820.9           delta(WSSR)/WSSR   : 0
delta(WSSR) : 0                 limit for stopping : 1e-05
lambda	  : 1.02815e-06

initial set of free parameter values

a               = 1
b               = 53.6345

After 1 iterations the fit converged.
final sum of squares of residuals : 11820.8
rel. change during last iteration : -2.64315e-06

degrees of freedom (ndf) : 18
rms of residuals      (stdfit) = sqrt(WSSR/ndf)      : 25.6264
variance of residuals (reduced chisquare) = WSSR/ndf : 656.712

BREAK:          Singular matrix in Invert_RtR



*******************************************************************************
Fri Oct 26 18:59:53 2012


FIT:    data read from 'dat'
        #datapoints = 20
        residuals are weighted equally (unit weight)

function used for fitting: f(x)
fitted parameters initialized with current variable values



Iteration 0
WSSR        : 11820.8           delta(WSSR)/WSSR   : 0
delta(WSSR) : 0                 limit for stopping : 1e-05
lambda	  : 6.56599e-17

initial set of free parameter values

a               = 1
b               = 6.71661e+06

After 1 iterations the fit converged.
final sum of squares of residuals : 11820.8
rel. change during last iteration : -2.11193e-11

degrees of freedom (ndf) : 18
rms of residuals      (stdfit) = sqrt(WSSR/ndf)      : 25.6264
variance of residuals (reduced chisquare) = WSSR/ndf : 656.712

BREAK:          Singular matrix in Invert_RtR



*******************************************************************************
Fri Oct 26 18:59:54 2012


FIT:    data read from 'dat'
        #datapoints = 20
        residuals are weighted equally (unit weight)

function used for fitting: f(x)
fitted parameters initialized with current variable values



Iteration 0
WSSR        : 11820.8           delta(WSSR)/WSSR   : 0
delta(WSSR) : 0                 limit for stopping : 1e-05
lambda	  : 0

initial set of free parameter values

a               = 1
b               = 1.05138e+17
BREAK:          Singular matrix in Givens()



*******************************************************************************
Fri Oct 26 18:59:54 2012


FIT:    data read from 'dat'
        #datapoints = 20
        residuals are weighted equally (unit weight)

function used for fitting: f(x)
fitted parameters initialized with current variable values



Iteration 0
WSSR        : 11820.8           delta(WSSR)/WSSR   : 0
delta(WSSR) : 0                 limit for stopping : 1e-05
lambda	  : 0

initial set of free parameter values

a               = 1
b               = 1.05243e+17
BREAK:          Singular matrix in Givens()



*******************************************************************************
Fri Oct 26 18:59:55 2012


FIT:    data read from 'dat'
        #datapoints = 20
        residuals are weighted equally (unit weight)

function used for fitting: f(x)
fitted parameters initialized with current variable values



Iteration 0
WSSR        : 11820.8           delta(WSSR)/WSSR   : 0
delta(WSSR) : 0                 limit for stopping : 1e-05
lambda	  : 0

initial set of free parameter values

a               = 1
b               = 1.05348e+17
BREAK:          Singular matrix in Givens()



*******************************************************************************
Fri Oct 26 18:59:55 2012


FIT:    data read from 'dat'
        #datapoints = 20
        residuals are weighted equally (unit weight)

function used for fitting: f(x)
fitted parameters initialized with current variable values



Iteration 0
WSSR        : 11820.8           delta(WSSR)/WSSR   : 0
delta(WSSR) : 0                 limit for stopping : 1e-05
lambda	  : 0

initial set of free parameter values

a               = 1
b               = 1.05454e+17
BREAK:          Singular matrix in Givens()



*******************************************************************************
Fri Oct 26 18:59:55 2012


FIT:    data read from 'dat'
        #datapoints = 20
        residuals are weighted equally (unit weight)

function used for fitting: f(x)
fitted parameters initialized with current variable values



Iteration 0
WSSR        : 11820.8           delta(WSSR)/WSSR   : 0
delta(WSSR) : 0                 limit for stopping : 1e-05
lambda	  : 0

initial set of free parameter values

a               = 1
b               = 1.05559e+17
BREAK:          Singular matrix in Givens()



*******************************************************************************
Fri Oct 26 18:59:56 2012


FIT:    data read from 'dat'
        #datapoints = 20
        residuals are weighted equally (unit weight)

function used for fitting: f(x)
fitted parameters initialized with current variable values



Iteration 0
WSSR        : 11820.8           delta(WSSR)/WSSR   : 0
delta(WSSR) : 0                 limit for stopping : 1e-05
lambda	  : 0

initial set of free parameter values

a               = 1
b               = 1.05665e+17
BREAK:          Singular matrix in Givens()



*******************************************************************************
Fri Oct 26 18:59:56 2012


FIT:    data read from 'dat'
        #datapoints = 20
        residuals are weighted equally (unit weight)

function used for fitting: f(x)
fitted parameters initialized with current variable values



Iteration 0
WSSR        : 11820.8           delta(WSSR)/WSSR   : 0
delta(WSSR) : 0                 limit for stopping : 1e-05
lambda	  : 0

initial set of free parameter values

a               = 1
b               = 1.0577e+17
BREAK:          Singular matrix in Givens()



*******************************************************************************
Fri Oct 26 18:59:56 2012


FIT:    data read from 'dat'
        #datapoints = 20
        residuals are weighted equally (unit weight)

function used for fitting: f(x)
fitted parameters initialized with current variable values



Iteration 0
WSSR        : 11820.8           delta(WSSR)/WSSR   : 0
delta(WSSR) : 0                 limit for stopping : 1e-05
lambda	  : 0

initial set of free parameter values

a               = 1
b               = 1.05876e+17
BREAK:          Singular matrix in Givens()



*******************************************************************************
Fri Oct 26 18:59:57 2012


FIT:    data read from 'dat'
        #datapoints = 20
        residuals are weighted equally (unit weight)

function used for fitting: f(x)
fitted parameters initialized with current variable values



Iteration 0
WSSR        : 11820.8           delta(WSSR)/WSSR   : 0
delta(WSSR) : 0                 limit for stopping : 1e-05
lambda	  : 0

initial set of free parameter values

a               = 1
b               = 1.05982e+17
BREAK:          Singular matrix in Givens()



*******************************************************************************
Fri Oct 26 18:59:57 2012


FIT:    data read from 'dat'
        #datapoints = 20
        residuals are weighted equally (unit weight)

function used for fitting: f(x)
fitted parameters initialized with current variable values



Iteration 0
WSSR        : 11820.8           delta(WSSR)/WSSR   : 0
delta(WSSR) : 0                 limit for stopping : 1e-05
lambda	  : 0

initial set of free parameter values

a               = 1
b               = 1.06088e+17
BREAK:          Singular matrix in Givens()



*******************************************************************************
Fri Oct 26 18:59:57 2012


FIT:    data read from 'dat'
        #datapoints = 20
        residuals are weighted equally (unit weight)

function used for fitting: f(x)
fitted parameters initialized with current variable values



Iteration 0
WSSR        : 11820.8           delta(WSSR)/WSSR   : 0
delta(WSSR) : 0                 limit for stopping : 1e-05
lambda	  : 0

initial set of free parameter values

a               = 1
b               = 1.06194e+17
BREAK:          Singular matrix in Givens()



*******************************************************************************
Fri Oct 26 19:00:05 2012


FIT:    data read from 'dat'
        #datapoints = 20
        residuals are weighted equally (unit weight)

function used for fitting: f(x)
fitted parameters initialized with current variable values



Iteration 0
WSSR        : 11828             delta(WSSR)/WSSR   : 0
delta(WSSR) : 0                 limit for stopping : 1e-05
lambda	  : 0.0496056

initial set of free parameter values

a               = 1
b               = 0.2

After 2 iterations the fit converged.
final sum of squares of residuals : 11820.8
rel. change during last iteration : -8.97429e-09

degrees of freedom (ndf) : 18
rms of residuals      (stdfit) = sqrt(WSSR/ndf)      : 25.6264
variance of residuals (reduced chisquare) = WSSR/ndf : 656.713

BREAK:          Singular matrix in Invert_RtR



*******************************************************************************
Fri Oct 26 19:00:16 2012


FIT:    data read from 'dat'
        #datapoints = 20
        residuals are weighted equally (unit weight)

function used for fitting: f(x)
fitted parameters initialized with current variable values



Iteration 0
WSSR        : 11820.8           delta(WSSR)/WSSR   : 0
delta(WSSR) : 0                 limit for stopping : 1e-05
lambda	  : 1.25604e-07

initial set of free parameter values

a               = 35
b               = 153.527

After 1 iterations the fit converged.
final sum of squares of residuals : 11820.8
rel. change during last iteration : -9.23746e-07

degrees of freedom (ndf) : 18
rms of residuals      (stdfit) = sqrt(WSSR/ndf)      : 25.6264
variance of residuals (reduced chisquare) = WSSR/ndf : 656.712

BREAK:          Singular matrix in Invert_RtR



*******************************************************************************
Fri Oct 26 19:01:17 2012


FIT:    data read from 'dat'
        #datapoints = 20
        residuals are weighted equally (unit weight)

function used for fitting: f(x)
fitted parameters initialized with current variable values



*******************************************************************************
Fri Oct 26 19:01:23 2012


FIT:    data read from 'dat'
        #datapoints = 20
        residuals are weighted equally (unit weight)

function used for fitting: f(x)
fitted parameters initialized with current variable values



*******************************************************************************
Fri Oct 26 19:02:13 2012


FIT:    data read from 'dat'
        #datapoints = 20
        residuals are weighted equally (unit weight)

function used for fitting: f(x)
fitted parameters initialized with current variable values



Iteration 0
WSSR        : 5098.61           delta(WSSR)/WSSR   : 0
delta(WSSR) : 0                 limit for stopping : 1e-05
lambda	  : 0.707107

initial set of free parameter values

a               = 35
b               = 5.49678e+07

After 3 iterations the fit converged.
final sum of squares of residuals : 1884.92
rel. change during last iteration : -6.33589e-11

degrees of freedom (ndf) : 18
rms of residuals      (stdfit) = sqrt(WSSR/ndf)      : 10.2332
variance of residuals (reduced chisquare) = WSSR/ndf : 104.718

Final set of parameters            Asymptotic Standard Error
=======================            ==========================

a               = 22.3239          +/- 4.41         (19.76%)
b               = 5.49678e+07      +/- 1.075e+16    (1.956e+10%)


correlation matrix of the fit parameters:

               a      b      
a               1.000 
b               0.855  1.000 


*******************************************************************************
Fri Oct 26 19:02:15 2012


FIT:    data read from 'dat'
        #datapoints = 20
        residuals are weighted equally (unit weight)

function used for fitting: f(x)
fitted parameters initialized with current variable values



Iteration 0
WSSR        : 1884.92           delta(WSSR)/WSSR   : 0
delta(WSSR) : 0                 limit for stopping : 1e-05
lambda	  : 0.707107

initial set of free parameter values

a               = 22.3239
b               = 5.49678e+07

After 1 iterations the fit converged.
final sum of squares of residuals : 1884.92
rel. change during last iteration : 0

degrees of freedom (ndf) : 18
rms of residuals      (stdfit) = sqrt(WSSR/ndf)      : 10.2332
variance of residuals (reduced chisquare) = WSSR/ndf : 104.718

Final set of parameters            Asymptotic Standard Error
=======================            ==========================

a               = 22.3239          +/- 4.41         (19.76%)
b               = 5.49678e+07      +/- 1.075e+16    (1.956e+10%)


correlation matrix of the fit parameters:

               a      b      
a               1.000 
b               0.855  1.000 


*******************************************************************************
Fri Oct 26 19:02:16 2012


FIT:    data read from 'dat'
        #datapoints = 20
        residuals are weighted equally (unit weight)

function used for fitting: f(x)
fitted parameters initialized with current variable values



Iteration 0
WSSR        : 1884.92           delta(WSSR)/WSSR   : 0
delta(WSSR) : 0                 limit for stopping : 1e-05
lambda	  : 0.707107

initial set of free parameter values

a               = 22.3239
b               = 5.49678e+07

After 1 iterations the fit converged.
final sum of squares of residuals : 1884.92
rel. change during last iteration : 0

degrees of freedom (ndf) : 18
rms of residuals      (stdfit) = sqrt(WSSR/ndf)      : 10.2332
variance of residuals (reduced chisquare) = WSSR/ndf : 104.718

Final set of parameters            Asymptotic Standard Error
=======================            ==========================

a               = 22.3239          +/- 4.41         (19.76%)
b               = 5.49678e+07      +/- 1.075e+16    (1.956e+10%)


correlation matrix of the fit parameters:

               a      b      
a               1.000 
b               0.855  1.000 


*******************************************************************************
Fri Oct 26 19:02:16 2012


FIT:    data read from 'dat'
        #datapoints = 20
        residuals are weighted equally (unit weight)

function used for fitting: f(x)
fitted parameters initialized with current variable values



Iteration 0
WSSR        : 1884.92           delta(WSSR)/WSSR   : 0
delta(WSSR) : 0                 limit for stopping : 1e-05
lambda	  : 0.707107

initial set of free parameter values

a               = 22.3239
b               = 5.49678e+07

After 1 iterations the fit converged.
final sum of squares of residuals : 1884.92
rel. change during last iteration : 0

degrees of freedom (ndf) : 18
rms of residuals      (stdfit) = sqrt(WSSR/ndf)      : 10.2332
variance of residuals (reduced chisquare) = WSSR/ndf : 104.718

Final set of parameters            Asymptotic Standard Error
=======================            ==========================

a               = 22.3239          +/- 4.41         (19.76%)
b               = 5.49678e+07      +/- 1.075e+16    (1.956e+10%)


correlation matrix of the fit parameters:

               a      b      
a               1.000 
b               0.855  1.000 


*******************************************************************************
Fri Oct 26 19:02:17 2012


FIT:    data read from 'dat'
        #datapoints = 20
        residuals are weighted equally (unit weight)

function used for fitting: f(x)
fitted parameters initialized with current variable values



Iteration 0
WSSR        : 1884.92           delta(WSSR)/WSSR   : 0
delta(WSSR) : 0                 limit for stopping : 1e-05
lambda	  : 0.707107

initial set of free parameter values

a               = 22.3239
b               = 5.49678e+07

After 1 iterations the fit converged.
final sum of squares of residuals : 1884.92
rel. change during last iteration : 0

degrees of freedom (ndf) : 18
rms of residuals      (stdfit) = sqrt(WSSR/ndf)      : 10.2332
variance of residuals (reduced chisquare) = WSSR/ndf : 104.718

Final set of parameters            Asymptotic Standard Error
=======================            ==========================

a               = 22.3239          +/- 4.41         (19.76%)
b               = 5.49678e+07      +/- 1.075e+16    (1.956e+10%)


correlation matrix of the fit parameters:

               a      b      
a               1.000 
b               0.855  1.000 


*******************************************************************************
Fri Oct 26 19:02:22 2012


FIT:    data read from 'dat'
        #datapoints = 20
        residuals are weighted equally (unit weight)

function used for fitting: f(x)
fitted parameters initialized with current variable values



Iteration 0
WSSR        : 6460.82           delta(WSSR)/WSSR   : 0
delta(WSSR) : 0                 limit for stopping : 1e-05
lambda	  : 1.65422

initial set of free parameter values

a               = 35
b               = 1

After 7 iterations the fit converged.
final sum of squares of residuals : 1884.93
rel. change during last iteration : -9.5619e-07

degrees of freedom (ndf) : 18
rms of residuals      (stdfit) = sqrt(WSSR/ndf)      : 10.2332
variance of residuals (reduced chisquare) = WSSR/ndf : 104.718

Final set of parameters            Asymptotic Standard Error
=======================            ==========================

a               = 22.3238          +/- 4.41         (19.75%)
b               = 68028.1          +/- 1.647e+10    (2.421e+07%)


correlation matrix of the fit parameters:

               a      b      
a               1.000 
b               0.855  1.000 


*******************************************************************************
Fri Oct 26 19:02:24 2012


FIT:    data read from 'dat'
        #datapoints = 20
        residuals are weighted equally (unit weight)

function used for fitting: f(x)
fitted parameters initialized with current variable values



Iteration 0
WSSR        : 1884.93           delta(WSSR)/WSSR   : 0
delta(WSSR) : 0                 limit for stopping : 1e-05
lambda	  : 0.707107

initial set of free parameter values

a               = 22.3238
b               = 68028.1

After 1 iterations the fit converged.
final sum of squares of residuals : 1884.93
rel. change during last iteration : -4.70446e-15

degrees of freedom (ndf) : 18
rms of residuals      (stdfit) = sqrt(WSSR/ndf)      : 10.2332
variance of residuals (reduced chisquare) = WSSR/ndf : 104.718

Final set of parameters            Asymptotic Standard Error
=======================            ==========================

a               = 22.3238          +/- 4.41         (19.75%)
b               = 68028.1          +/- 1.647e+10    (2.421e+07%)


correlation matrix of the fit parameters:

               a      b      
a               1.000 
b               0.855  1.000 


*******************************************************************************
Fri Oct 26 19:02:24 2012


FIT:    data read from 'dat'
        #datapoints = 20
        residuals are weighted equally (unit weight)

function used for fitting: f(x)
fitted parameters initialized with current variable values



Iteration 0
WSSR        : 1884.93           delta(WSSR)/WSSR   : 0
delta(WSSR) : 0                 limit for stopping : 1e-05
lambda	  : 0.707107

initial set of free parameter values

a               = 22.3238
b               = 68028.1

After 1 iterations the fit converged.
final sum of squares of residuals : 1884.93
rel. change during last iteration : -1.20627e-16

degrees of freedom (ndf) : 18
rms of residuals      (stdfit) = sqrt(WSSR/ndf)      : 10.2332
variance of residuals (reduced chisquare) = WSSR/ndf : 104.718

Final set of parameters            Asymptotic Standard Error
=======================            ==========================

a               = 22.3238          +/- 4.41         (19.75%)
b               = 68028.1          +/- 1.647e+10    (2.421e+07%)


correlation matrix of the fit parameters:

               a      b      
a               1.000 
b               0.855  1.000 


*******************************************************************************
Fri Oct 26 19:02:25 2012


FIT:    data read from 'dat'
        #datapoints = 20
        residuals are weighted equally (unit weight)

function used for fitting: f(x)
fitted parameters initialized with current variable values



Iteration 0
WSSR        : 1884.93           delta(WSSR)/WSSR   : 0
delta(WSSR) : 0                 limit for stopping : 1e-05
lambda	  : 0.707107

initial set of free parameter values

a               = 22.3238
b               = 68028.1

After 1 iterations the fit converged.
final sum of squares of residuals : 1884.93
rel. change during last iteration : -1.20627e-16

degrees of freedom (ndf) : 18
rms of residuals      (stdfit) = sqrt(WSSR/ndf)      : 10.2332
variance of residuals (reduced chisquare) = WSSR/ndf : 104.718

Final set of parameters            Asymptotic Standard Error
=======================            ==========================

a               = 22.3238          +/- 4.41         (19.75%)
b               = 68028.1          +/- 1.647e+10    (2.421e+07%)


correlation matrix of the fit parameters:

               a      b      
a               1.000 
b               0.855  1.000 


*******************************************************************************
Fri Oct 26 19:02:25 2012


FIT:    data read from 'dat'
        #datapoints = 20
        residuals are weighted equally (unit weight)

function used for fitting: f(x)
fitted parameters initialized with current variable values



Iteration 0
WSSR        : 1884.93           delta(WSSR)/WSSR   : 0
delta(WSSR) : 0                 limit for stopping : 1e-05
lambda	  : 0.707107

initial set of free parameter values

a               = 22.3238
b               = 68028.1

After 1 iterations the fit converged.
final sum of squares of residuals : 1884.93
rel. change during last iteration : 0

degrees of freedom (ndf) : 18
rms of residuals      (stdfit) = sqrt(WSSR/ndf)      : 10.2332
variance of residuals (reduced chisquare) = WSSR/ndf : 104.718

Final set of parameters            Asymptotic Standard Error
=======================            ==========================

a               = 22.3238          +/- 4.41         (19.75%)
b               = 68028.1          +/- 1.647e+10    (2.421e+07%)


correlation matrix of the fit parameters:

               a      b      
a               1.000 
b               0.855  1.000 


*******************************************************************************
Fri Oct 26 19:02:26 2012


FIT:    data read from 'dat'
        #datapoints = 20
        residuals are weighted equally (unit weight)

function used for fitting: f(x)
fitted parameters initialized with current variable values



Iteration 0
WSSR        : 1884.93           delta(WSSR)/WSSR   : 0
delta(WSSR) : 0                 limit for stopping : 1e-05
lambda	  : 0.707107

initial set of free parameter values

a               = 22.3238
b               = 68028.1

After 1 iterations the fit converged.
final sum of squares of residuals : 1884.93
rel. change during last iteration : 0

degrees of freedom (ndf) : 18
rms of residuals      (stdfit) = sqrt(WSSR/ndf)      : 10.2332
variance of residuals (reduced chisquare) = WSSR/ndf : 104.718

Final set of parameters            Asymptotic Standard Error
=======================            ==========================

a               = 22.3238          +/- 4.41         (19.75%)
b               = 68028.1          +/- 1.647e+10    (2.421e+07%)


correlation matrix of the fit parameters:

               a      b      
a               1.000 
b               0.855  1.000 


*******************************************************************************
Fri Oct 26 19:02:26 2012


FIT:    data read from 'dat'
        #datapoints = 20
        residuals are weighted equally (unit weight)

function used for fitting: f(x)
fitted parameters initialized with current variable values



Iteration 0
WSSR        : 1884.93           delta(WSSR)/WSSR   : 0
delta(WSSR) : 0                 limit for stopping : 1e-05
lambda	  : 0.707107

initial set of free parameter values

a               = 22.3238
b               = 68028.1

After 1 iterations the fit converged.
final sum of squares of residuals : 1884.93
rel. change during last iteration : 0

degrees of freedom (ndf) : 18
rms of residuals      (stdfit) = sqrt(WSSR/ndf)      : 10.2332
variance of residuals (reduced chisquare) = WSSR/ndf : 104.718

Final set of parameters            Asymptotic Standard Error
=======================            ==========================

a               = 22.3238          +/- 4.41         (19.75%)
b               = 68028.1          +/- 1.647e+10    (2.421e+07%)


correlation matrix of the fit parameters:

               a      b      
a               1.000 
b               0.855  1.000 


*******************************************************************************
Fri Oct 26 19:02:26 2012


FIT:    data read from 'dat'
        #datapoints = 20
        residuals are weighted equally (unit weight)

function used for fitting: f(x)
fitted parameters initialized with current variable values



Iteration 0
WSSR        : 1884.93           delta(WSSR)/WSSR   : 0
delta(WSSR) : 0                 limit for stopping : 1e-05
lambda	  : 0.707107

initial set of free parameter values

a               = 22.3238
b               = 68028.1

After 1 iterations the fit converged.
final sum of squares of residuals : 1884.93
rel. change during last iteration : 0

degrees of freedom (ndf) : 18
rms of residuals      (stdfit) = sqrt(WSSR/ndf)      : 10.2332
variance of residuals (reduced chisquare) = WSSR/ndf : 104.718

Final set of parameters            Asymptotic Standard Error
=======================            ==========================

a               = 22.3238          +/- 4.41         (19.75%)
b               = 68028.1          +/- 1.647e+10    (2.421e+07%)


correlation matrix of the fit parameters:

               a      b      
a               1.000 
b               0.855  1.000 


*******************************************************************************
Fri Oct 26 19:03:02 2012


FIT:    data read from 'dat'
        #datapoints = 20
        residuals are weighted equally (unit weight)

function used for fitting: f(x)
fitted parameters initialized with current variable values



Iteration 0
WSSR        : 1884.92           delta(WSSR)/WSSR   : 0
delta(WSSR) : 0                 limit for stopping : 1e-05
lambda	  : 0.707106

initial set of free parameter values

a               = 22.3238
b               = 68028.1

After 1 iterations the fit converged.
final sum of squares of residuals : 1884.92
rel. change during last iteration : -1.64301e-11

degrees of freedom (ndf) : 18
rms of residuals      (stdfit) = sqrt(WSSR/ndf)      : 10.2332
variance of residuals (reduced chisquare) = WSSR/ndf : 104.718

Final set of parameters            Asymptotic Standard Error
=======================            ==========================

a               = 22.3239          +/- 4.41         (19.75%)
b               = 68028.1          +/- 1.647e+10    (2.421e+07%)


correlation matrix of the fit parameters:

               a      b      
a               1.000 
b              -0.855  1.000 


*******************************************************************************
Fri Oct 26 19:03:09 2012


FIT:    data read from 'dat'
        #datapoints = 20
        residuals are weighted equally (unit weight)

function used for fitting: f(x)
fitted parameters initialized with current variable values



Iteration 0
WSSR        : 1884.92           delta(WSSR)/WSSR   : 0
delta(WSSR) : 0                 limit for stopping : 1e-05
lambda	  : 0.707106

initial set of free parameter values

a               = 22.3239
b               = 68028.1

After 1 iterations the fit converged.
final sum of squares of residuals : 1884.92
rel. change during last iteration : -9.77085e-15

degrees of freedom (ndf) : 18
rms of residuals      (stdfit) = sqrt(WSSR/ndf)      : 10.2332
variance of residuals (reduced chisquare) = WSSR/ndf : 104.718

Final set of parameters            Asymptotic Standard Error
=======================            ==========================

a               = 22.3239          +/- 4.41         (19.75%)
b               = 68028.1          +/- 1.647e+10    (2.421e+07%)


correlation matrix of the fit parameters:

               a      b      
a               1.000 
b              -0.855  1.000 


*******************************************************************************
Fri Oct 26 19:03:10 2012


FIT:    data read from 'dat'
        #datapoints = 20
        residuals are weighted equally (unit weight)

function used for fitting: f(x)
fitted parameters initialized with current variable values



Iteration 0
WSSR        : 1884.92           delta(WSSR)/WSSR   : 0
delta(WSSR) : 0                 limit for stopping : 1e-05
lambda	  : 0.707106

initial set of free parameter values

a               = 22.3239
b               = 68028.1

After 1 iterations the fit converged.
final sum of squares of residuals : 1884.92
rel. change during last iteration : -1.20628e-16

degrees of freedom (ndf) : 18
rms of residuals      (stdfit) = sqrt(WSSR/ndf)      : 10.2332
variance of residuals (reduced chisquare) = WSSR/ndf : 104.718

Final set of parameters            Asymptotic Standard Error
=======================            ==========================

a               = 22.3239          +/- 4.41         (19.75%)
b               = 68028.1          +/- 1.647e+10    (2.421e+07%)


correlation matrix of the fit parameters:

               a      b      
a               1.000 
b              -0.855  1.000 


*******************************************************************************
Fri Oct 26 19:03:10 2012


FIT:    data read from 'dat'
        #datapoints = 20
        residuals are weighted equally (unit weight)

function used for fitting: f(x)
fitted parameters initialized with current variable values



Iteration 0
WSSR        : 1884.92           delta(WSSR)/WSSR   : 0
delta(WSSR) : 0                 limit for stopping : 1e-05
lambda	  : 0.707106

initial set of free parameter values

a               = 22.3239
b               = 68028.1

After 1 iterations the fit converged.
final sum of squares of residuals : 1884.92
rel. change during last iteration : 0

degrees of freedom (ndf) : 18
rms of residuals      (stdfit) = sqrt(WSSR/ndf)      : 10.2332
variance of residuals (reduced chisquare) = WSSR/ndf : 104.718

Final set of parameters            Asymptotic Standard Error
=======================            ==========================

a               = 22.3239          +/- 4.41         (19.75%)
b               = 68028.1          +/- 1.647e+10    (2.421e+07%)


correlation matrix of the fit parameters:

               a      b      
a               1.000 
b              -0.855  1.000 


*******************************************************************************
Fri Oct 26 19:03:11 2012


FIT:    data read from 'dat'
        #datapoints = 20
        residuals are weighted equally (unit weight)

function used for fitting: f(x)
fitted parameters initialized with current variable values



Iteration 0
WSSR        : 1884.92           delta(WSSR)/WSSR   : 0
delta(WSSR) : 0                 limit for stopping : 1e-05
lambda	  : 0.707106

initial set of free parameter values

a               = 22.3239
b               = 68028.1

After 1 iterations the fit converged.
final sum of squares of residuals : 1884.92
rel. change during last iteration : 0

degrees of freedom (ndf) : 18
rms of residuals      (stdfit) = sqrt(WSSR/ndf)      : 10.2332
variance of residuals (reduced chisquare) = WSSR/ndf : 104.718

Final set of parameters            Asymptotic Standard Error
=======================            ==========================

a               = 22.3239          +/- 4.41         (19.75%)
b               = 68028.1          +/- 1.647e+10    (2.421e+07%)


correlation matrix of the fit parameters:

               a      b      
a               1.000 
b              -0.855  1.000 


*******************************************************************************
Fri Oct 26 19:03:12 2012


FIT:    data read from 'dat'
        #datapoints = 20
        residuals are weighted equally (unit weight)

function used for fitting: f(x)
fitted parameters initialized with current variable values



Iteration 0
WSSR        : 1884.92           delta(WSSR)/WSSR   : 0
delta(WSSR) : 0                 limit for stopping : 1e-05
lambda	  : 0.707106

initial set of free parameter values

a               = 22.3239
b               = 68028.1

After 1 iterations the fit converged.
final sum of squares of residuals : 1884.92
rel. change during last iteration : 0

degrees of freedom (ndf) : 18
rms of residuals      (stdfit) = sqrt(WSSR/ndf)      : 10.2332
variance of residuals (reduced chisquare) = WSSR/ndf : 104.718

Final set of parameters            Asymptotic Standard Error
=======================            ==========================

a               = 22.3239          +/- 4.41         (19.75%)
b               = 68028.1          +/- 1.647e+10    (2.421e+07%)


correlation matrix of the fit parameters:

               a      b      
a               1.000 
b              -0.855  1.000 


*******************************************************************************
Fri Oct 26 19:03:12 2012


FIT:    data read from 'dat'
        #datapoints = 20
        residuals are weighted equally (unit weight)

function used for fitting: f(x)
fitted parameters initialized with current variable values



Iteration 0
WSSR        : 1884.92           delta(WSSR)/WSSR   : 0
delta(WSSR) : 0                 limit for stopping : 1e-05
lambda	  : 0.707106

initial set of free parameter values

a               = 22.3239
b               = 68028.1

After 1 iterations the fit converged.
final sum of squares of residuals : 1884.92
rel. change during last iteration : 0

degrees of freedom (ndf) : 18
rms of residuals      (stdfit) = sqrt(WSSR/ndf)      : 10.2332
variance of residuals (reduced chisquare) = WSSR/ndf : 104.718

Final set of parameters            Asymptotic Standard Error
=======================            ==========================

a               = 22.3239          +/- 4.41         (19.75%)
b               = 68028.1          +/- 1.647e+10    (2.421e+07%)


correlation matrix of the fit parameters:

               a      b      
a               1.000 
b              -0.855  1.000 


*******************************************************************************
Fri Oct 26 19:03:13 2012


FIT:    data read from 'dat'
        #datapoints = 20
        residuals are weighted equally (unit weight)

function used for fitting: f(x)
fitted parameters initialized with current variable values



Iteration 0
WSSR        : 1884.92           delta(WSSR)/WSSR   : 0
delta(WSSR) : 0                 limit for stopping : 1e-05
lambda	  : 0.707106

initial set of free parameter values

a               = 22.3239
b               = 68028.1

After 1 iterations the fit converged.
final sum of squares of residuals : 1884.92
rel. change during last iteration : 0

degrees of freedom (ndf) : 18
rms of residuals      (stdfit) = sqrt(WSSR/ndf)      : 10.2332
variance of residuals (reduced chisquare) = WSSR/ndf : 104.718

Final set of parameters            Asymptotic Standard Error
=======================            ==========================

a               = 22.3239          +/- 4.41         (19.75%)
b               = 68028.1          +/- 1.647e+10    (2.421e+07%)


correlation matrix of the fit parameters:

               a      b      
a               1.000 
b              -0.855  1.000 


*******************************************************************************
Fri Oct 26 19:03:13 2012


FIT:    data read from 'dat'
        #datapoints = 20
        residuals are weighted equally (unit weight)

function used for fitting: f(x)
fitted parameters initialized with current variable values



Iteration 0
WSSR        : 1884.92           delta(WSSR)/WSSR   : 0
delta(WSSR) : 0                 limit for stopping : 1e-05
lambda	  : 0.707106

initial set of free parameter values

a               = 22.3239
b               = 68028.1

After 1 iterations the fit converged.
final sum of squares of residuals : 1884.92
rel. change during last iteration : 0

degrees of freedom (ndf) : 18
rms of residuals      (stdfit) = sqrt(WSSR/ndf)      : 10.2332
variance of residuals (reduced chisquare) = WSSR/ndf : 104.718

Final set of parameters            Asymptotic Standard Error
=======================            ==========================

a               = 22.3239          +/- 4.41         (19.75%)
b               = 68028.1          +/- 1.647e+10    (2.421e+07%)


correlation matrix of the fit parameters:

               a      b      
a               1.000 
b              -0.855  1.000 


*******************************************************************************
Fri Oct 26 19:03:29 2012


FIT:    data read from 'dat'
        #datapoints = 20
        residuals are weighted equally (unit weight)

function used for fitting: f(x)
fitted parameters initialized with current variable values



Iteration 0
WSSR        : 1872.58           delta(WSSR)/WSSR   : 0
delta(WSSR) : 0                 limit for stopping : 1e-05
lambda	  : 0.705434

initial set of free parameter values

a               = 22.3239
b               = 20

After 42 iterations the fit converged.
final sum of squares of residuals : 108.151
rel. change during last iteration : -6.20752e-06

degrees of freedom (ndf) : 18
rms of residuals      (stdfit) = sqrt(WSSR/ndf)      : 2.4512
variance of residuals (reduced chisquare) = WSSR/ndf : 6.00836

Final set of parameters            Asymptotic Standard Error
=======================            ==========================

a               = 40.5951          +/- 1.368        (3.371%)
b               = 0.0706006        +/- 0.004685     (6.636%)


correlation matrix of the fit parameters:

               a      b      
a               1.000 
b              -0.741  1.000 


*******************************************************************************
Fri Oct 26 19:03:44 2012


FIT:    data read from 'dat'
        #datapoints = 20
        residuals are weighted equally (unit weight)

function used for fitting: f(x)
fitted parameters initialized with current variable values



Iteration 0
WSSR        : 6836.29           delta(WSSR)/WSSR   : 0
delta(WSSR) : 0                 limit for stopping : 1e-05
lambda	  : 21.947

initial set of free parameter values

a               = 40.5951
b               = 0.0706006

After 21 iterations the fit converged.
final sum of squares of residuals : 2.61025
rel. change during last iteration : -3.23253e-15

degrees of freedom (ndf) : 18
rms of residuals      (stdfit) = sqrt(WSSR/ndf)      : 0.380807
variance of residuals (reduced chisquare) = WSSR/ndf : 0.145014

Final set of parameters            Asymptotic Standard Error
=======================            ==========================

a               = 35.1625          +/- 0.1526       (0.4341%)
b               = 0.00533313       +/- 6.162e-05    (1.155%)


correlation matrix of the fit parameters:

               a      b      
a               1.000 
b              -0.592  1.000 


*******************************************************************************
Fri Oct 26 19:03:46 2012


FIT:    data read from 'dat'
        #datapoints = 20
        residuals are weighted equally (unit weight)

function used for fitting: f(x)
fitted parameters initialized with current variable values



Iteration 0
WSSR        : 2.61025           delta(WSSR)/WSSR   : 0
delta(WSSR) : 0                 limit for stopping : 1e-05
lambda	  : 1212.56

initial set of free parameter values

a               = 35.1625
b               = 0.00533313

After 1 iterations the fit converged.
final sum of squares of residuals : 2.61025
rel. change during last iteration : 0

degrees of freedom (ndf) : 18
rms of residuals      (stdfit) = sqrt(WSSR/ndf)      : 0.380807
variance of residuals (reduced chisquare) = WSSR/ndf : 0.145014

Final set of parameters            Asymptotic Standard Error
=======================            ==========================

a               = 35.1625          +/- 0.1526       (0.4341%)
b               = 0.00533313       +/- 6.162e-05    (1.155%)


correlation matrix of the fit parameters:

               a      b      
a               1.000 
b              -0.592  1.000 


*******************************************************************************
Fri Oct 26 19:03:46 2012


FIT:    data read from 'dat'
        #datapoints = 20
        residuals are weighted equally (unit weight)

function used for fitting: f(x)
fitted parameters initialized with current variable values



Iteration 0
WSSR        : 2.61025           delta(WSSR)/WSSR   : 0
delta(WSSR) : 0                 limit for stopping : 1e-05
lambda	  : 1212.56

initial set of free parameter values

a               = 35.1625
b               = 0.00533313

After 1 iterations the fit converged.
final sum of squares of residuals : 2.61025
rel. change during last iteration : 0

degrees of freedom (ndf) : 18
rms of residuals      (stdfit) = sqrt(WSSR/ndf)      : 0.380807
variance of residuals (reduced chisquare) = WSSR/ndf : 0.145014

Final set of parameters            Asymptotic Standard Error
=======================            ==========================

a               = 35.1625          +/- 0.1526       (0.4341%)
b               = 0.00533313       +/- 6.162e-05    (1.155%)


correlation matrix of the fit parameters:

               a      b      
a               1.000 
b              -0.592  1.000 


*******************************************************************************
Fri Oct 26 19:03:47 2012


FIT:    data read from 'dat'
        #datapoints = 20
        residuals are weighted equally (unit weight)

function used for fitting: f(x)
fitted parameters initialized with current variable values



Iteration 0
WSSR        : 2.61025           delta(WSSR)/WSSR   : 0
delta(WSSR) : 0                 limit for stopping : 1e-05
lambda	  : 1212.56

initial set of free parameter values

a               = 35.1625
b               = 0.00533313

After 1 iterations the fit converged.
final sum of squares of residuals : 2.61025
rel. change during last iteration : 0

degrees of freedom (ndf) : 18
rms of residuals      (stdfit) = sqrt(WSSR/ndf)      : 0.380807
variance of residuals (reduced chisquare) = WSSR/ndf : 0.145014

Final set of parameters            Asymptotic Standard Error
=======================            ==========================

a               = 35.1625          +/- 0.1526       (0.4341%)
b               = 0.00533313       +/- 6.162e-05    (1.155%)


correlation matrix of the fit parameters:

               a      b      
a               1.000 
b              -0.592  1.000 


*******************************************************************************
Mon Oct 29 14:59:29 2012


FIT:    data read from 'dat'
        #datapoints = 20
        residuals are weighted equally (unit weight)

function used for fitting: f(x)
fitted parameters initialized with current variable values



Iteration 0
WSSR        : 10993.6           delta(WSSR)/WSSR   : 0
delta(WSSR) : 0                 limit for stopping : 1e-05
lambda	  : 0.690914

initial set of free parameter values

a               = 1
b               = 1

After 8 iterations the fit converged.
final sum of squares of residuals : 1884.93
rel. change during last iteration : -3.13791e-07

degrees of freedom (ndf) : 18
rms of residuals      (stdfit) = sqrt(WSSR/ndf)      : 10.2332
variance of residuals (reduced chisquare) = WSSR/ndf : 104.718

Final set of parameters            Asymptotic Standard Error
=======================            ==========================

a               = 22.3239          +/- 4.41         (19.75%)
b               = -96103.8         +/- 6.574e+10    (6.84e+07%)


correlation matrix of the fit parameters:

               a      b      
a               1.000 
b              -0.855  1.000 


*******************************************************************************
Mon Oct 29 14:59:56 2012


FIT:    data read from 'dat'
        #datapoints = 20
        residuals are weighted equally (unit weight)

function used for fitting: f(x)
fitted parameters initialized with current variable values



Iteration 0
WSSR        : 5098.62           delta(WSSR)/WSSR   : 0
delta(WSSR) : 0                 limit for stopping : 1e-05
lambda	  : 0.707107

initial set of free parameter values

a               = 35
b               = -96103.8

After 3 iterations the fit converged.
final sum of squares of residuals : 1884.93
rel. change during last iteration : -6.33591e-11

degrees of freedom (ndf) : 18
rms of residuals      (stdfit) = sqrt(WSSR/ndf)      : 10.2332
variance of residuals (reduced chisquare) = WSSR/ndf : 104.718

Final set of parameters            Asymptotic Standard Error
=======================            ==========================

a               = 22.3239          +/- 4.41         (19.75%)
b               = -96103.8         +/- 6.574e+10    (6.84e+07%)


correlation matrix of the fit parameters:

               a      b      
a               1.000 
b              -0.855  1.000 


*******************************************************************************
Mon Oct 29 15:00:12 2012


FIT:    data read from 'dat'
        #datapoints = 20
        residuals are weighted equally (unit weight)

function used for fitting: f(x)
fitted parameters initialized with current variable values



Iteration 0
WSSR        : 1884.92           delta(WSSR)/WSSR   : 0
delta(WSSR) : 0                 limit for stopping : 1e-05
lambda	  : 0.707107

initial set of free parameter values

a               = 22.3239
b               = -96103.8

After 1 iterations the fit converged.
final sum of squares of residuals : 1884.92
rel. change during last iteration : -4.43789e-13

degrees of freedom (ndf) : 18
rms of residuals      (stdfit) = sqrt(WSSR/ndf)      : 10.2332
variance of residuals (reduced chisquare) = WSSR/ndf : 104.718

Final set of parameters            Asymptotic Standard Error
=======================            ==========================

a               = 22.3239          +/- 3.382        (15.15%)
b               = -96103.8         +/- 6.68e+11     (6.95e+08%)


correlation matrix of the fit parameters:

               a      b      
a               1.000 
b              -0.736  1.000 


*******************************************************************************
Mon Oct 29 15:00:42 2012


FIT:    data read from 'dat'
        #datapoints = 20
        residuals are weighted equally (unit weight)

function used for fitting: f(x)
fitted parameters initialized with current variable values



Iteration 0
WSSR        : 1884.92           delta(WSSR)/WSSR   : 0
delta(WSSR) : 0                 limit for stopping : 1e-05
lambda	  : 0.707107

initial set of free parameter values

a               = 22.3239
b               = -96103.8

After 1 iterations the fit converged.
final sum of squares of residuals : 1884.92
rel. change during last iteration : -3.61882e-16

degrees of freedom (ndf) : 18
rms of residuals      (stdfit) = sqrt(WSSR/ndf)      : 10.2332
variance of residuals (reduced chisquare) = WSSR/ndf : 104.718

Final set of parameters            Asymptotic Standard Error
=======================            ==========================

a               = 22.3239          +/- 3.382        (15.15%)
b               = -96103.8         +/- 6.68e+11     (6.95e+08%)


correlation matrix of the fit parameters:

               a      b      
a               1.000 
b              -0.736  1.000 


*******************************************************************************
Mon Oct 29 15:00:56 2012


FIT:    data read from 'dat'
        #datapoints = 20
        residuals are weighted equally (unit weight)

function used for fitting: f(x)
fitted parameters initialized with current variable values



Iteration 0
WSSR        : 2.93314           delta(WSSR)/WSSR   : 0
delta(WSSR) : 0                 limit for stopping : 1e-05
lambda	  : 2420.31

initial set of free parameter values

a               = 35
b               = 0.00266

After 6 iterations the fit converged.
final sum of squares of residuals : 2.61025
rel. change during last iteration : -5.05108e-06

degrees of freedom (ndf) : 18
rms of residuals      (stdfit) = sqrt(WSSR/ndf)      : 0.380807
variance of residuals (reduced chisquare) = WSSR/ndf : 0.145014

Final set of parameters            Asymptotic Standard Error
=======================            ==========================

a               = 35.1624          +/- 0.1526       (0.4341%)
b               = 0.00266659       +/- 3.081e-05    (1.155%)


correlation matrix of the fit parameters:

               a      b      
a               1.000 
b              -0.592  1.000 
